2014-03-14 13:50:08.752 ProductDemo[48266:70b] Multi-tasking -> Device: YES, App: YES
2014-03-14 13:50:09.065 ProductDemo[48266:70b] Unlimited access to network resources
2014-03-14 13:50:10.251 ProductDemo[48266:70b] Resetting plugins due to page load.
2014-03-14 13:50:10.732 ProductDemo[48266:70b] Finished load of: file:///Users/gcollins/Library/Application%20Support/iPhone%20Simulator/7.1/Applications/8E9B7318-FB8B-48B9-81D1-3604C8E57C16/ProductDemo.app/www/index.html
2014-03-21 16:39:42.643 ProductDemo[44687:70b] Multi-tasking -> Device: YES, App: YES
2014-03-21 16:39:42.665 ProductDemo[44687:70b] Unlimited access to network resources
2014-03-21 16:39:43.809 ProductDemo[44687:70b] Resetting plugins due to page load.
2014-03-21 16:39:44.179 ProductDemo[44687:70b] Finished load of: file:///Users/gcollins/Library/Application%20Support/iPhone%20Simulator/7.1/Applications/8E9B7318-FB8B-48B9-81D1-3604C8E57C16/ProductDemo.app/www/index.html
2014-03-21 16:39:44.301 ProductDemo[44687:70b] THREAD WARNING: ['Device'] took '23.450195' ms. Plugin should use a background thread.
2014-03-21 16:42:49.659 ProductDemo[49092:70b] Multi-tasking -> Device: YES, App: YES
2014-03-21 16:42:49.667 ProductDemo[49092:70b] Unlimited access to network resources
2014-03-21 16:42:49.820 ProductDemo[49092:70b] Resetting plugins due to page load.
2014-03-21 16:42:50.008 ProductDemo[49092:70b] Finished load of: file:///Users/gcollins/Library/Application%20Support/iPhone%20Simulator/7.1/Applications/8E9B7318-FB8B-48B9-81D1-3604C8E57C16/ProductDemo.app/www/index.html
2014-03-21 16:53:36.751 ProductDemo[63175:70b] Multi-tasking -> Device: YES, App: YES
2014-03-21 16:53:36.759 ProductDemo[63175:70b] Unlimited access to network resources
2014-03-21 16:53:36.915 ProductDemo[63175:70b] Resetting plugins due to page load.
2014-03-21 16:53:37.108 ProductDemo[63175:70b] Finished load of: file:///Users/gcollins/Library/Application%20Support/iPhone%20Simulator/7.1/Applications/8E9B7318-FB8B-48B9-81D1-3604C8E57C16/ProductDemo.app/www/index.html
2014-03-21 16:53:53.989 ProductDemo[63663:70b] Multi-tasking -> Device: YES, App: YES
2014-03-21 16:53:53.996 ProductDemo[63663:70b] Unlimited access to network resources
2014-03-21 16:53:54.139 ProductDemo[63663:70b] Resetting plugins due to page load.
2014-03-21 16:53:54.291 ProductDemo[63663:70b] Finished load of: file:///Users/gcollins/Library/Application%20Support/iPhone%20Simulator/7.1/Applications/8E9B7318-FB8B-48B9-81D1-3604C8E57C16/ProductDemo.app/www/index.html
2014-03-24 12:21:19.789 ProductDemo[63911:70b] Multi-tasking -> Device: YES, App: YES
2014-03-24 12:21:19.904 ProductDemo[63911:70b] Unlimited access to network resources
2014-03-24 12:21:21.666 ProductDemo[63911:70b] Resetting plugins due to page load.
2014-03-24 12:21:22.294 ProductDemo[63911:70b] Finished load of: file:///Users/gcollins/Library/Application%20Support/iPhone%20Simulator/7.1/Applications/8E9B7318-FB8B-48B9-81D1-3604C8E57C16/ProductDemo.app/www/index.html
2014-03-24 12:22:38.292 ProductDemo[65953:70b] Multi-tasking -> Device: YES, App: YES
2014-03-24 12:22:38.299 ProductDemo[65953:70b] Unlimited access to network resources
2014-03-24 12:22:38.419 ProductDemo[65953:70b] Resetting plugins due to page load.
2014-03-24 12:22:38.503 ProductDemo[65953:70b] Finished load of: file:///Users/gcollins/Library/Application%20Support/iPhone%20Simulator/7.1/Applications/8E9B7318-FB8B-48B9-81D1-3604C8E57C16/ProductDemo.app/www/index.html
2014-03-24 12:22:56.654 ProductDemo[66436:70b] Multi-tasking -> Device: YES, App: YES
2014-03-24 12:22:56.661 ProductDemo[66436:70b] Unlimited access to network resources
2014-03-24 12:22:56.721 ProductDemo[66436:70b] Resetting plugins due to page load.
2014-03-24 12:22:56.808 ProductDemo[66436:70b] Finished load of: file:///Users/gcollins/Library/Application%20Support/iPhone%20Simulator/7.1/Applications/8E9B7318-FB8B-48B9-81D1-3604C8E57C16/ProductDemo.app/www/index.html
2014-03-24 12:23:05.737 ProductDemo[66833:70b] Multi-tasking -> Device: YES, App: YES
2014-03-24 12:23:05.744 ProductDemo[66833:70b] Unlimited access to network resources
2014-03-24 12:23:05.896 ProductDemo[66833:70b] Resetting plugins due to page load.
2014-03-24 12:23:06.011 ProductDemo[66833:70b] Finished load of: file:///Users/gcollins/Library/Application%20Support/iPhone%20Simulator/7.1/Applications/8E9B7318-FB8B-48B9-81D1-3604C8E57C16/ProductDemo.app/www/index.html
